ec
accents
algorithm
amstext
array
babel
bm
booktabs
breakurl
calc
color
csquotes
endnotes
enumitem
esint
eso-pic
fontspec
hhline
ifthen
fancybox
fancyhdr
fixltx2e
fix-cm
float
framed
geometry
graphicx
hyperref
hyphenat
lettrine
listings
longtable
luainputenc
mathdots
mathrsfs
mhchem
multirow
natbib
nicefrac
nomencl
pdfcolmk
pdfpages
prettyref
preview
refstyle
rotating
rotfloat
setspace
slashed
soul
splitidx
subfig
textcomp
subscript
ulem
units
url
varioref
wrapfig
xargs
xcolor
xkeyval
braket
cancel
colortbl
diagbox
etoolbox
eurosym
fp
marginnote
picinpar
pict2e
sidecap
upgreek
psnfss
avant
bookman
chancery
charter
courier
helvet
mathpazo
mathpple
mathptm
mathptmx
newcent
pifont
utopia
ae
lmodern
tipa
tipx
tone
marvosym
pmboxdraw
textgreek
txfonts
wasysym
fancyvrb
fancyhdr
enumitem
endnotes
endnotes
natbib
