## This file declares layouts and their associated definition files.
## It has been automatically generated by configure
## Use "Tools/Reconfigure" if you need to update it after a
## configuration change. Run ./configure manually to update the
## system wide version of this file.
"AEA" "AEA" "article (American Economic Association)" "false" "AEA.cls,harvard.sty"
"IEEEtran" "IEEEtran" "article (IEEEtran)" "false" "IEEEtran.cls"
"aapaper" "aa" "article (A&A V4)" "false" "aa.cls"
"aastex" "aastex" "article (AASTeX)" "false" "aastex.cls"
"aa" "aa" "article (A&A)" "false" "aa.cls"
"achemso" "achemso" "article (ACS)" "true" ""
"acmsiggraph" "acmsiggraph" "article (ACM SIGGRAPH)" "false" "acmsiggraph.cls,lineno.sty"
"agu-dtd" "AGU-article" "AGU article (SGML)" "true" ""
"agums" "aguplus" "article (AGU++ manuscript)" "false" "aguplus.cls,agums.sty"
"agutex" "agutex" "article (AGU)" "false" "agutex.cls"
"amsart" "amsart" "article (AMS)" "true" ""
"amsbook" "amsbook" "book (AMS)" "true" ""
"apa6" "apa6" "article (APA6)" "false" "apa6.cls,apacite.sty"
"apa" "apa" "article (APA)" "false" "apa.cls,apacite.sty"
"arab-article" "arabart" "article (Arabic)" "false" "arabart.cls,arabrep.cls,altxext.sty,arabext.sty,arabtex.sty"
"armenian-article" "article" "article (Armenian)" "true" ""
"article-beamer" "article" "article (beamer)" "false" "beamerarticle.sty"
"article" "article" "article" "true" ""
"beamer" "beamer" "presentation (beamer)" "false" "beamer.cls"
"book" "book" "book" "true" ""
"broadway" "broadway" "broadway" "true" ""
"chess" "article" "article (Chess)" "false" "lambda.sty,pst-node.sty"
"cl2emult" "cl2emult" "article (Springer cl2emult)" "false" "cl2emult.cls"
"ctex-article" "ctexart" "article (CTeX)" "false" "ctexart.cls,xeCJK.sty"
"ctex-book" "ctexbook" "book (CTeX)" "false" "ctexbook.cls,xeCJK.sty"
"ctex-report" "ctexrep" "report (CTeX)" "false" "ctexrep.cls,xeCJK.sty"
"dinbrief" "dinbrief" "letter (DIN-Brief, German)" "true" ""
"docbook-book" "book" "DocBook book (SGML)" "true" ""
"docbook-chapter" "chapter" "DocBook chapter (SGML)" "true" ""
"docbook-section" "section" "DocBook section (SGML)" "true" ""
"docbook" "article" "DocBook article (SGML)" "true" ""
"doublecol-new" "doublecol-new" "article (Inderscience A4 journals)" "false" "doublecol-new.cls"
"dtk" "dtk" "article (Die TeXnische Komoedie)" "true" ""
"ectaart" "ectaart" "article (Econometrica)" "false" "ectaart.cls"
"egs" "egs" "article (European Geophysical Society)" "false" "egs.cls"
"elsarticle" "elsarticle" "article (Elsevier)" "false" "elsarticle.cls"
"elsart" "elsart" "article (obsolete Elsevier version)" "false" "elsart.cls"
"entcs" "entcs" "article (ENTCS)" "false" "entcs.cls,entcsmacro.sty"
"europecv" "europecv" "curriculum vitae (Europe)" "true" ""
"extarticle" "extarticle" "article (more font sizes)" "true" ""
"extbook" "extbook" "book (more font sizes)" "true" ""
"extletter" "extletter" "letter (more font sizes)" "true" ""
"extreport" "extreport" "report (more font sizes)" "true" ""
"foils" "foils" "presentation (FoilTeX)" "false" "foils.cls"
"frletter" "frletter" "letter (frletter)" "false" "frletter.cls"
"g-brief2" "g-brief2" "letter (g-brief2)" "true" ""
"g-brief" "g-brief" "letter (g-brief)" "true" ""
"heb-article" "article" "article (Hebrew)" "true" ""
"heb-letter" "letter" "letter (Hebrew)" "true" ""
"hollywood" "hollywood" "hollywood" "true" ""
"ijmpc" "ws-ijmpc" "article (IJMPC)" "false" "ws-ijmpc.cls"
"ijmpd" "ws-ijmpd" "article (IJMPD)" "false" "ws-ijmpd.cls"
"iopart" "iopart" "article (IOP)" "false" "iopart.cls,iopams.sty,setstack.sty"
"isprs" "isprs" "article (Int. Soc. for Photogrammetry etc)" "false" "isprs.cls"
"jarticle" "jarticle" "article (Japanese)" "false" "jarticle.cls"
"jasatex" "jasatex" "article (JASA)" "false" "jasatex.cls"
"jbook" "jbook" "book (Japanese)" "false" "jbook.cls"
"jgrga" "aguplus" "article (AGU++ JGR)" "false" "aguplus.cls,jgrga.sty"
"jreport" "jreport" "report (Japanese)" "false" "jreport.cls"
"jsarticle" "jsarticle" "article (Japanese New)" "false" "jsarticle.cls"
"jsbook" "jsbook" "book (Japanese New)" "false" "jsbook.cls"
"jss" "jss" "article (Journal of Statistical Software)" "false" "jss.cls"
"kluwer" "kluwer" "article (Kluwer)" "false" "kluwer.cls"
"latex8" "article" "article (obsolete Latex8 class)" "false" "latex8.sty"
"letter" "letter" "letter" "true" ""
"lettre" "lettre" "letter (lettre)" "true" ""
"literate-article" "article" "article (Noweb)" "false" "noweb.sty"
"literate-book" "book" "book (Noweb)" "false" "noweb.sty"
"literate-report" "report" "report (Noweb)" "false" "noweb.sty"
"llncs" "llncs" "article (Springer LNCS)" "false" "llncs.cls"
"ltugboat" "ltugboat" "article (TUGboat)" "false" "ltugboat.cls"
"memoir" "memoir" "book (Memoir)" "true" ""
"moderncv" "moderncv" "curriculum vitae (modern)" "true" ""
"mwart" "mwart" "article (Polish version by M.W.)" "false" "mwart.cls"
"mwbk" "mwbk" "book (Polish version by M.W.)" "false" "mwbk.cls"
"mwrep" "mwrep" "report (Polish version by M.W.)" "false" "mwrep.cls"
"paper" "paper" "article (paper)" "true" ""
"powerdot" "powerdot" "presentation (powerdot)" "false" "pstricks.sty,pst-grad.sty"
"recipebook" "scrbook" "book (recipes)" "true" ""
"report" "report" "report" "true" ""
"revtex4" "revtex4" "article (REVTeX 4)" "false" "revtex4.cls,revsymb.sty"
"revtex" "revtex" "article (obsolete REVTeX version)" "false" "revtex.sty"
"scrartcl" "scrartcl" "article (KOMA-Script)" "true" ""
"scrarticle-beamer" "scrartcl" "article (koma + beamer)" "false" "beamerarticle.sty"
"scrbook" "scrbook" "book (KOMA-Script)" "true" ""
"scrlettr" "scrlettr" "letter (KOMA-Script)" "true" ""
"scrlttr2" "scrlttr2" "letter (KOMA-Script v.2)" "true" ""
"scrreprt" "scrreprt" "report (KOMA-Script)" "true" ""
"seminar" "seminar" "transparencies (seminar)" "true" ""
"siamltex" "siamltex" "article (SIAM)" "false" "siamltex.cls"
"sigplanconf" "sigplanconf" "article (ACM SIGPLAN)" "false" "sigplanconf.cls"
"simplecv" "simplecv" "curriculum vitae (simple)" "true" ""
"singlecol-new" "singlecol-new" "article (Inderscience 9.5 x 6.5 journals)" "false" "singlecol-new.cls"
"singlecol" "singlecol" "article (Inderscience, obsolete version)" "false" "singlecol.cls"
"slides" "slides" "transparencies (slides)" "true" ""
"spie" "spie" "article (SPIE Proceedings)" "false" "spie.cls"
"svglobal3" "svjour3" "article (Springer svjour3/global)" "false" "svjour3.cls,svglov3.clo"
"svglobal" "svjour" "article (obsolete Springer svjour/global version)" "false" "svjour.cls,svglobal.clo"
"svjog" "svjour" "article (Springer svjour/jog)" "false" "svjour.cls,svjog.clo"
"svmono" "svmono" "book (Springer svmono)" "false" "svmono.cls"
"svmult" "svmult" "book (Springer svmult)" "false" "svmult.cls"
"svprobth" "svjour" "article (Springer svjour/PTRF)" "false" "svjour.cls,svprobth.clo"
"tarticle" "tarticle" "article (Japanese in vertical writing)" "false" "tarticle.cls,plext.sty"
"tbook" "tbook" "book (Japanese in vertical writing)" "false" "tbook.cls,plext.sty"
"treport" "treport" "report (Japanese in vertical writing)" "false" "treport.cls,plext.sty"
"tufte-book" "tufte-book" "book (Tufte)" "true" ""
"tufte-handout" "tufte-handout" "handout (Tufte)" "true" ""
